execve("/usr/bin/nano", ["nano", "/etc/hostname"], 0xffffcb8b4648 /* 54 vars */) = 0
openat(AT_FDCWD, "/etc/ld.so.cache", O_RDONLY|O_CLOEXEC) = 3
openat(AT_FDCWD, "/lib/aarch64-linux-gnu/libncursesw.so.6", O_RDONLY|O_CLOEXEC) = 3
read(3, "\177ELF\2\1\1\0\0\0\0\0\0\0\0\0\3\0\267\0\1\0\0\0\0\0\0\0\0\0\0\0"..., 832) = 832
openat(AT_FDCWD, "/lib/aarch64-linux-gnu/libtinfo.so.6", O_RDONLY|O_CLOEXEC) = 3
read(3, "\177ELF\2\1\1\0\0\0\0\0\0\0\0\0\3\0\267\0\1\0\0\0\0\0\0\0\0\0\0\0"..., 832) = 832
openat(AT_FDCWD, "/lib/aarch64-linux-gnu/libc.so.6", O_RDONLY|O_CLOEXEC) = 3
read(3, "\177ELF\2\1\1\3\0\0\0\0\0\0\0\0\3\0\267\0\1\0\0\0\350'\2\0\0\0\0\0"..., 832) = 832
openat(AT_FDCWD, "/usr/lib/locale/locale-archive", O_RDONLY|O_CLOEXEC) = 3
openat(AT_FDCWD, "/usr/share/terminfo/x/xterm-256color", O_RDONLY) = 3
read(3, "\36\2%\0&\0\17\0\235\1Z\6xterm-256color|xterm"..., 32768) = 4071
read(3, "", 28672)                      = 0
openat(AT_FDCWD, "/etc/nanorc", O_RDONLY) = 3
read(3, "## Sample initialization file fo"..., 4096) = 4096
read(3, "p\n\n## Don't automatically add a "..., 4096) = 4096
read(3, "promptcolor black,yellow\n# set s"..., 4096) = 3571
openat(AT_FDCWD, "/usr/share/nano", O_RDONLY|O_NONBLOCK|O_CLOEXEC|O_DIRECTORY) = 4
openat(AT_FDCWD, "/usr/lib/aarch64-linux-gnu/gconv/gconv-modules.cache", O_RDONLY|O_CLOEXEC) = 5
openat(AT_FDCWD, "/usr/share/nano/asm.nanorc", O_RDONLY) = 4
read(4, "## Syntax highlighting for assem"..., 4096) = 759
read(4, "", 4096)                       = 0
openat(AT_FDCWD, "/usr/share/nano/autoconf.nanorc", O_RDONLY) = 4
read(4, "## Syntax highlighting for Autoc"..., 4096) = 652
read(4, "", 4096)                       = 0
openat(AT_FDCWD, "/usr/share/nano/awk.nanorc", O_RDONLY) = 4
read(4, "## Syntax highlighting for AWK s"..., 4096) = 1487
read(4, "", 4096)                       = 0
openat(AT_FDCWD, "/usr/share/nano/changelog.nanorc", O_RDONLY) = 4
read(4, "## Syntax highlighting for Chang"..., 4096) = 790
read(4, "", 4096)                       = 0
openat(AT_FDCWD, "/usr/share/nano/cmake.nanorc", O_RDONLY) = 4
read(4, "## Syntax highlighting for CMake"..., 4096) = 859
read(4, "", 4096)                       = 0
openat(AT_FDCWD, "/usr/share/nano/c.nanorc", O_RDONLY) = 4
read(4, "## Syntax highlighting for C and"..., 4096) = 1950
read(4, "", 4096)                       = 0
openat(AT_FDCWD, "/usr/share/nano/css.nanorc", O_RDONLY) = 4
read(4, "## Syntax highlighting for CSS f"..., 4096) = 518
read(4, "", 4096)                       = 0
openat(AT_FDCWD, "/usr/share/nano/debian.nanorc", O_RDONLY) = 4
read(4, "## Syntax highlighting for apt's"..., 4096) = 801
read(4, "", 4096)                       = 0
openat(AT_FDCWD, "/usr/share/nano/default.nanorc", O_RDONLY) = 4
read(4, "## This is an example of a defau"..., 4096) = 775
read(4, "", 4096)                       = 0
openat(AT_FDCWD, "/usr/share/nano/elisp.nanorc", O_RDONLY) = 4
read(4, "## Syntax highlighting for Emacs"..., 4096) = 1142
read(4, "", 4096)                       = 0
openat(AT_FDCWD, "/usr/share/nano/email.nanorc", O_RDONLY) = 4
read(4, "## Syntax highlighting for email"..., 4096) = 340
read(4, "", 4096)                       = 0
openat(AT_FDCWD, "/usr/share/nano/go.nanorc", O_RDONLY) = 4
read(4, "## Syntax highlighting for Go.\n\n"..., 4096) = 1446
read(4, "", 4096)                       = 0
openat(AT_FDCWD, "/usr/share/nano/groff.nanorc", O_RDONLY) = 4
read(4, "## Syntax highlighting for groff"..., 4096) = 790
read(4, "", 4096)                       = 0
openat(AT_FDCWD, "/usr/share/nano/guile.nanorc", O_RDONLY) = 4
read(4, "## Syntax highlighting for Guile"..., 4096) = 596
read(4, "", 4096)                       = 0
openat(AT_FDCWD, "/usr/share/nano/haskell.nanorc", O_RDONLY) = 4
read(4, "## Syntax highlighting for Haske"..., 4096) = 1009
read(4, "", 4096)                       = 0
openat(AT_FDCWD, "/usr/share/nano/html.nanorc", O_RDONLY) = 4
read(4, "## Syntax highlighting for HTML."..., 4096) = 1286
read(4, "", 4096)                       = 0
openat(AT_FDCWD, "/usr/share/nano/java.nanorc", O_RDONLY) = 4
read(4, "## Syntax highlighting for Java."..., 4096) = 654
read(4, "", 4096)                       = 0
openat(AT_FDCWD, "/usr/share/nano/javascript.nanorc", O_RDONLY) = 4
read(4, "## Syntax highlighting for Javas"..., 4096) = 850
read(4, "", 4096)                       = 0
openat(AT_FDCWD, "/usr/share/nano/json.nanorc", O_RDONLY) = 4
read(4, "## Syntax highlighting for JSON "..., 4096) = 805
read(4, "", 4096)                       = 0
openat(AT_FDCWD, "/usr/share/nano/lua.nanorc", O_RDONLY) = 4
read(4, "## Syntax highlighting for Lua.\n"..., 4096) = 2461
read(4, "", 4096)                       = 0
openat(AT_FDCWD, "/usr/share/nano/makefile.nanorc", O_RDONLY) = 4
read(4, "## Syntax highlighting for Makef"..., 4096) = 552
read(4, "", 4096)                       = 0
openat(AT_FDCWD, "/usr/share/nano/man.nanorc", O_RDONLY) = 4
read(4, "## Syntax highlighting for man p"..., 4096) = 876
read(4, "", 4096)                       = 0
openat(AT_FDCWD, "/usr/share/nano/markdown.nanorc", O_RDONLY) = 4
read(4, "## Syntax highlighting for Markd"..., 4096) = 947
read(4, "", 4096)                       = 0
openat(AT_FDCWD, "/usr/share/nano/nanohelp.nanorc", O_RDONLY) = 4
read(4, "## This is meant for highlightin"..., 4096) = 594
read(4, "", 4096)                       = 0
openat(AT_FDCWD, "/usr/share/nano/nanorc.nanorc", O_RDONLY) = 4
read(4, "## Syntax highlighting for nanor"..., 4096) = 4096
read(4, "k:]]*i?color\\>|[[:blank:]](start"..., 4096) = 253
read(4, "", 4096)                       = 0
openat(AT_FDCWD, "/usr/share/nano/nftables.nanorc", O_RDONLY) = 4
read(4, "## Syntax highlighting for the p"..., 4096) = 927
read(4, "", 4096)                       = 0
openat(AT_FDCWD, "/usr/share/nano/objc.nanorc", O_RDONLY) = 4
read(4, "## Syntax highlighting for C/C++"..., 4096) = 1522
read(4, "", 4096)                       = 0
openat(AT_FDCWD, "/usr/share/nano/ocaml.nanorc", O_RDONLY) = 4
read(4, "## Syntax highlighting for OCaml"..., 4096) = 831
read(4, "", 4096)                       = 0
openat(AT_FDCWD, "/usr/share/nano/patch.nanorc", O_RDONLY) = 4
read(4, "## Syntax highlighting for patch"..., 4096) = 641
read(4, "", 4096)                       = 0
openat(AT_FDCWD, "/usr/share/nano/perl.nanorc", O_RDONLY) = 4
read(4, "## Syntax highlighting for Perl."..., 4096) = 2119
read(4, "", 4096)                       = 0
openat(AT_FDCWD, "/usr/share/nano/php.nanorc", O_RDONLY) = 4
read(4, "## Syntax highlighting for PHP.\n"..., 4096) = 1118
read(4, "", 4096)                       = 0
openat(AT_FDCWD, "/usr/share/nano/po.nanorc", O_RDONLY) = 4
read(4, "## Syntax highlighting for PO fi"..., 4096) = 1360
read(4, "", 4096)                       = 0
openat(AT_FDCWD, "/usr/share/nano/python.nanorc", O_RDONLY) = 4
read(4, "## Syntax highlighting for Pytho"..., 4096) = 1462
read(4, "", 4096)                       = 0
openat(AT_FDCWD, "/usr/share/nano/ruby.nanorc", O_RDONLY) = 4
read(4, "## Syntax highlighting for Ruby."..., 4096) = 1382
read(4, "", 4096)                       = 0
openat(AT_FDCWD, "/usr/share/nano/rust.nanorc", O_RDONLY) = 4
read(4, "## Syntax highlighting for Rust."..., 4096) = 1036
read(4, "", 4096)                       = 0
openat(AT_FDCWD, "/usr/share/nano/sh.nanorc", O_RDONLY) = 4
read(4, "## Syntax highlighting for Bourn"..., 4096) = 1557
read(4, "", 4096)                       = 0
openat(AT_FDCWD, "/usr/share/nano/sql.nanorc", O_RDONLY) = 4
read(4, "## Syntax highlighting for (Post"..., 4096) = 2444
read(4, "", 4096)                       = 0
openat(AT_FDCWD, "/usr/share/nano/tcl.nanorc", O_RDONLY) = 4
read(4, "## Syntax highlighting for Tcl a"..., 4096) = 2170
read(4, "", 4096)                       = 0
openat(AT_FDCWD, "/usr/share/nano/texinfo.nanorc", O_RDONLY) = 4
read(4, "## Syntax highlighting for Texin"..., 4096) = 834
read(4, "", 4096)                       = 0
openat(AT_FDCWD, "/usr/share/nano/tex.nanorc", O_RDONLY) = 4
read(4, "## Syntax highlighting for TeX f"..., 4096) = 199
read(4, "", 4096)                       = 0
openat(AT_FDCWD, "/usr/share/nano/xml.nanorc", O_RDONLY) = 4
read(4, "## Syntax highlighting for XML f"..., 4096) = 721
read(4, "", 4096)                       = 0
openat(AT_FDCWD, "/usr/share/nano/yaml.nanorc", O_RDONLY) = 4
read(4, "## Syntax highlighting for YAML "..., 4096) = 1368
read(4, "", 4096)                       = 0
read(3, "", 4096)                       = 0
openat(AT_FDCWD, "/home/akshat/.local/share/nano/search_history", O_RDONLY) = -1 ENOENT (No such file or directory)
write(1, "\33[?2004h", 8)               = 8
write(1, "\33[?1049h\33[22;0;0t\33[1;24r\33(B\33[m\33["..., 54) = 54
write(1, "\33[?1h\33=", 7)              = 7
write(1, "\33[?25l", 6)                 = 6
openat(AT_FDCWD, "/usr/share/locale/locale.alias", O_RDONLY|O_CLOEXEC) = -1 ENOENT (No such file or directory)
openat(AT_FDCWD, "/usr/share/locale/en_US.UTF-8/LC_MESSAGES/nano.mo", O_RDONLY) = -1 ENOENT (No such file or directory)
openat(AT_FDCWD, "/usr/share/locale/en_US.utf8/LC_MESSAGES/nano.mo", O_RDONLY) = -1 ENOENT (No such file or directory)
openat(AT_FDCWD, "/usr/share/locale/en_US/LC_MESSAGES/nano.mo", O_RDONLY) = -1 ENOENT (No such file or directory)
openat(AT_FDCWD, "/usr/share/locale/en.UTF-8/LC_MESSAGES/nano.mo", O_RDONLY) = -1 ENOENT (No such file or directory)
openat(AT_FDCWD, "/usr/share/locale/en.utf8/LC_MESSAGES/nano.mo", O_RDONLY) = -1 ENOENT (No such file or directory)
openat(AT_FDCWD, "/usr/share/locale/en/LC_MESSAGES/nano.mo", O_RDONLY) = -1 ENOENT (No such file or directory)
openat(AT_FDCWD, "/usr/share/locale-langpack/en_US.UTF-8/LC_MESSAGES/nano.mo", O_RDONLY) = -1 ENOENT (No such file or directory)
openat(AT_FDCWD, "/usr/share/locale-langpack/en_US.utf8/LC_MESSAGES/nano.mo", O_RDONLY) = -1 ENOENT (No such file or directory)
openat(AT_FDCWD, "/usr/share/locale-langpack/en_US/LC_MESSAGES/nano.mo", O_RDONLY) = -1 ENOENT (No such file or directory)
openat(AT_FDCWD, "/usr/share/locale-langpack/en.UTF-8/LC_MESSAGES/nano.mo", O_RDONLY) = -1 ENOENT (No such file or directory)
openat(AT_FDCWD, "/usr/share/locale-langpack/en.utf8/LC_MESSAGES/nano.mo", O_RDONLY) = -1 ENOENT (No such file or directory)
openat(AT_FDCWD, "/usr/share/locale-langpack/en/LC_MESSAGES/nano.mo", O_RDONLY) = -1 ENOENT (No such file or directory)
write(1, "\33[39;49m\33(B\33[m\33[H\33[2J\33[22;26H", 29) = 29
write(1, "\33(B\33[0;1m\33[37m\33[41m[ Directory '"..., 55) = 55
write(1, "\33[39;49m\33(B\33[m", 14)    = 14
openat(AT_FDCWD, "/etc/hostname", O_RDONLY) = 3
read(3, "Ubuntu-IntentGuard\n", 4096)   = 19
read(3, "", 4096)                       = 0
write(1, "\7", 1)                       = 1
write(1, "\33[22;25H", 8)               = 8
write(1, "\33(B\33[0;1m\33[37m\33[41m[ File '/etc/"..., 46) = 46
write(1, "nwritable ]", 11)             = 11
write(1, "\33[39;49m\33(B\33[m", 14)    = 14
openat(AT_FDCWD, "/usr/share/nano/default.nanorc", O_RDONLY) = 3
read(3, "## This is an example of a defau"..., 4096) = 775
read(3, "", 4096)                       = 0
write(1, "\33[H", 3)                    = 3
write(1, "\33(B\33[0;7m  GNU nano 8.4         "..., 103) = 103
write(1, "\33(B\33[m", 6)               = 6
write(1, "\r\33[23d", 6)                = 6
write(1, "\33(B\33[0;7m^G\33(B\33[m Help\33[15G", 27) = 27
write(1, "\33(B\33[0;7m^O\33(B\33[m Write Out  \33(B"..., 87) = 87
write(1, "\33(B\33[0;7m^T\33(B\33[m Execute    \33(B"..., 61) = 61
write(1, "\33(B\33[0;7m^X\33(B\33[m Exit\33[15G", 27) = 27
write(1, "\33(B\33[0;7m^R\33(B\33[m Read File  \33(B"..., 86) = 86
write(1, "\33(B\33[0;7m^J\33(B\33[m Justify    \33(B"..., 57) = 57
write(1, "\r\33[2d", 5)                 = 5
write(1, "Ubuntu-IntentGuard\r", 19)    = 19
write(1, "\33[?12l\33[?25h", 12)        = 12
read(0, "\30", 1)                       = 1
write(1, "\33[?25l", 6)                 = 6
write(1, "\33[22d", 5)                  = 5
write(1, "\33[J\33[24d", 8)             = 8
write(1, "\33[?12l\33[?25h", 12)        = 12
write(1, "\33[24;1H\33[?1049l\33[23;0;0t\r\33[?1l\33>", 32) = 32
write(1, "\33[?2004l", 8)               = 8
+++ exited with 0 +++
